[2018-03-18 11:29:53,343] multiqc                                            [DEBUG  ]  No MultiQC config found: /home/tfm-eimt/cgomez/software/anaconda3/lib/python3.6/site-packages/multiqc_config.yaml
[2018-03-18 11:29:53,344] multiqc                                            [DEBUG  ]  No MultiQC config found: /home/tfm-eimt/.multiqc_config.yaml
[2018-03-18 11:29:53,344] multiqc                                            [DEBUG  ]  No MultiQC config found: multiqc_config.yaml
[2018-03-18 11:29:53,344] multiqc                                            [DEBUG  ]  Command used: /home/tfm-eimt/cgomez/software/anaconda3/bin/multiqc .
[2018-03-18 11:29:58,471] multiqc                                            [DEBUG  ]  Latest MultiQC version is v1.5
[2018-03-18 11:29:58,471] multiqc                                            [INFO   ]  This is MultiQC v1.5.dev0
[2018-03-18 11:29:58,471] multiqc                                            [DEBUG  ]  Command     : /home/tfm-eimt/cgomez/software/anaconda3/bin/multiqc .
[2018-03-18 11:29:58,472] multiqc                                            [DEBUG  ]  Working dir : /home/tfm-eimt/cgomez/data/papers/pancreatic/reports/fastqc_clean
[2018-03-18 11:29:58,472] multiqc                                            [INFO   ]  Template    : default
[2018-03-18 11:29:58,472] multiqc                                            [INFO   ]  Searching '.'
[2018-03-18 11:29:58,473] multiqc                                            [DEBUG  ]  Analysing modules: afterqc, custom_content, conpair, peddy, methylQA, qualimap, preseq, quast, qorts, rna_seqc, rsem, rseqc, busco, goleft_indexcov, disambiguate, supernova, deeptools, sargasso, verifybamid, homer, macs2, theta2, snpeff, gatk, htseq, bcftools, featureCounts, picard, prokka, samblaster, samtools, bamtools, jellyfish, vcftools, bbmap, bismark, hicexplorer, hicup, salmon, kallisto, slamdunk, star, hisat2, tophat, bowtie2, bowtie1, leehom, adapterRemoval, cutadapt, flexbar, trimmomatic, skewer, sortmerna, biobloomtools, fastq_screen, fastqc, clusterflow, bcl2fastq, interop
[2018-03-18 11:29:58,473] multiqc                                            [DEBUG  ]  Using temporary directory for creating report: /tmp/tmp4eh04_cq
[2018-03-18 11:29:58,497] multiqc                                            [DEBUG  ]  Ignoring file as matched an ignore pattern: SRR5714908_clean_1_fastqc.html
[2018-03-18 11:29:58,497] multiqc                                            [DEBUG  ]  Ignoring file as matched an ignore pattern: SRR5714909_clean_1_fastqc.html
[2018-03-18 11:29:58,497] multiqc                                            [DEBUG  ]  Ignoring file as matched an ignore pattern: SRR5714910_clean_1_fastqc.html
[2018-03-18 11:29:58,497] multiqc                                            [DEBUG  ]  Ignoring file as matched an ignore pattern: SRR5714911_clean_1_fastqc.html
[2018-03-18 11:29:58,497] multiqc                                            [DEBUG  ]  Ignoring file as matched an ignore pattern: SRR5714912_clean_1_fastqc.html
[2018-03-18 11:29:58,498] multiqc                                            [DEBUG  ]  Ignoring file as matched an ignore pattern: SRR5714913_clean_1_fastqc.html
[2018-03-18 11:29:58,498] multiqc                                            [DEBUG  ]  Ignoring file as matched an ignore pattern: SRR5714914_clean_1_fastqc.html
[2018-03-18 11:29:58,498] multiqc                                            [DEBUG  ]  Ignoring file as matched an ignore pattern: SRR5714915_clean_1_fastqc.html
[2018-03-18 11:29:58,498] multiqc                                            [DEBUG  ]  Ignoring file as matched an ignore pattern: SRR5714916_clean_1_fastqc.html
[2018-03-18 11:29:58,498] multiqc                                            [DEBUG  ]  Ignoring file as matched an ignore pattern: SRR5714917_clean_1_fastqc.html
[2018-03-18 11:29:58,499] multiqc                                            [DEBUG  ]  Ignoring file as matched an ignore pattern: SRR5714918_clean_1_fastqc.html
[2018-03-18 11:29:58,499] multiqc                                            [DEBUG  ]  Ignoring file as matched an ignore pattern: SRR5714919_clean_1_fastqc.html
[2018-03-18 11:29:58,499] multiqc                                            [DEBUG  ]  Ignoring file as matched an ignore pattern: SRR5714920_clean_1_fastqc.html
[2018-03-18 11:29:58,499] multiqc                                            [DEBUG  ]  Ignoring file as matched an ignore pattern: SRR5714921_clean_1_fastqc.html
[2018-03-18 11:29:58,499] multiqc                                            [DEBUG  ]  Ignoring file as matched an ignore pattern: SRR5714908_clean_2_fastqc.html
[2018-03-18 11:29:58,500] multiqc                                            [DEBUG  ]  Ignoring file as matched an ignore pattern: SRR5714909_clean_2_fastqc.html
[2018-03-18 11:29:58,500] multiqc                                            [DEBUG  ]  Ignoring file as matched an ignore pattern: SRR5714910_clean_2_fastqc.html
[2018-03-18 11:29:58,500] multiqc                                            [DEBUG  ]  Ignoring file as matched an ignore pattern: SRR5714911_clean_2_fastqc.html
[2018-03-18 11:29:58,500] multiqc                                            [DEBUG  ]  Ignoring file as matched an ignore pattern: SRR5714912_clean_2_fastqc.html
[2018-03-18 11:29:58,500] multiqc                                            [DEBUG  ]  Ignoring file as matched an ignore pattern: SRR5714913_clean_2_fastqc.html
[2018-03-18 11:29:58,501] multiqc                                            [DEBUG  ]  Ignoring file as matched an ignore pattern: SRR5714914_clean_2_fastqc.html
[2018-03-18 11:29:58,501] multiqc                                            [DEBUG  ]  Ignoring file as matched an ignore pattern: SRR5714915_clean_2_fastqc.html
[2018-03-18 11:29:58,501] multiqc                                            [DEBUG  ]  Ignoring file as matched an ignore pattern: SRR5714916_clean_2_fastqc.html
[2018-03-18 11:29:58,501] multiqc                                            [DEBUG  ]  Ignoring file as matched an ignore pattern: SRR5714917_clean_2_fastqc.html
[2018-03-18 11:29:58,501] multiqc                                            [DEBUG  ]  Ignoring file as matched an ignore pattern: SRR5714918_clean_2_fastqc.html
[2018-03-18 11:29:58,502] multiqc                                            [DEBUG  ]  Ignoring file as matched an ignore pattern: SRR5714919_clean_2_fastqc.html
[2018-03-18 11:29:58,502] multiqc                                            [DEBUG  ]  Ignoring file as matched an ignore pattern: SRR5714920_clean_2_fastqc.html
[2018-03-18 11:29:58,502] multiqc                                            [DEBUG  ]  Ignoring file as matched an ignore pattern: SRR5714921_clean_2_fastqc.html
[2018-03-18 11:29:58,623] multiqc                                            [DEBUG  ]  No samples found: afterqc
[2018-03-18 11:29:58,625] multiqc                                            [DEBUG  ]  No samples found: custom_content
[2018-03-18 11:29:58,627] multiqc                                            [DEBUG  ]  No samples found: conpair
[2018-03-18 11:29:58,629] multiqc                                            [DEBUG  ]  No samples found: peddy
[2018-03-18 11:29:58,630] multiqc                                            [DEBUG  ]  No samples found: methylQA
[2018-03-18 11:29:58,633] multiqc                                            [DEBUG  ]  No samples found: qualimap
[2018-03-18 11:29:58,634] multiqc                                            [DEBUG  ]  No samples found: preseq
[2018-03-18 11:29:58,636] multiqc                                            [DEBUG  ]  No samples found: quast
[2018-03-18 11:29:58,638] multiqc                                            [DEBUG  ]  No samples found: qorts
[2018-03-18 11:29:58,639] multiqc                                            [DEBUG  ]  No samples found: rna_seqc
[2018-03-18 11:29:58,641] multiqc                                            [DEBUG  ]  No samples found: rsem
[2018-03-18 11:29:58,644] multiqc                                            [DEBUG  ]  No samples found: rseqc
[2018-03-18 11:29:58,646] multiqc                                            [DEBUG  ]  No samples found: busco
[2018-03-18 11:29:58,647] multiqc                                            [DEBUG  ]  No samples found: goleft_indexcov
[2018-03-18 11:29:58,649] multiqc                                            [DEBUG  ]  No samples found: disambiguate
[2018-03-18 11:29:58,651] multiqc                                            [DEBUG  ]  No samples found: supernova
[2018-03-18 11:29:58,653] multiqc                                            [DEBUG  ]  No samples found: deeptools
[2018-03-18 11:29:58,655] multiqc                                            [DEBUG  ]  No samples found: sargasso
[2018-03-18 11:29:58,657] multiqc                                            [DEBUG  ]  No samples found: verifybamid
[2018-03-18 11:29:58,659] multiqc                                            [DEBUG  ]  No samples found: homer
[2018-03-18 11:29:58,660] multiqc                                            [DEBUG  ]  No samples found: macs2
[2018-03-18 11:29:58,662] multiqc                                            [DEBUG  ]  No samples found: theta2
[2018-03-18 11:29:58,664] multiqc                                            [DEBUG  ]  No samples found: snpeff
[2018-03-18 11:29:58,666] multiqc                                            [DEBUG  ]  No samples found: gatk
[2018-03-18 11:29:58,668] multiqc                                            [DEBUG  ]  No samples found: htseq
[2018-03-18 11:29:58,670] multiqc                                            [DEBUG  ]  No samples found: bcftools
[2018-03-18 11:29:58,671] multiqc                                            [DEBUG  ]  No samples found: featureCounts
[2018-03-18 11:29:58,675] multiqc                                            [DEBUG  ]  No samples found: picard
[2018-03-18 11:29:58,676] multiqc                                            [DEBUG  ]  No samples found: prokka
[2018-03-18 11:29:58,678] multiqc                                            [DEBUG  ]  No samples found: samblaster
[2018-03-18 11:29:58,680] multiqc                                            [DEBUG  ]  No samples found: samtools
[2018-03-18 11:29:58,682] multiqc                                            [DEBUG  ]  No samples found: bamtools
[2018-03-18 11:29:58,684] multiqc                                            [DEBUG  ]  No samples found: jellyfish
[2018-03-18 11:29:58,686] multiqc                                            [DEBUG  ]  No samples found: vcftools
[2018-03-18 11:29:58,689] multiqc                                            [DEBUG  ]  No samples found: bbmap
[2018-03-18 11:29:58,691] multiqc                                            [DEBUG  ]  No samples found: bismark
[2018-03-18 11:29:58,692] multiqc                                            [DEBUG  ]  No samples found: hicexplorer
[2018-03-18 11:29:58,694] multiqc                                            [DEBUG  ]  No samples found: hicup
[2018-03-18 11:29:58,696] multiqc                                            [DEBUG  ]  No samples found: salmon
[2018-03-18 11:29:58,697] multiqc                                            [DEBUG  ]  No samples found: kallisto
[2018-03-18 11:29:58,699] multiqc                                            [DEBUG  ]  No samples found: slamdunk
[2018-03-18 11:29:58,701] multiqc                                            [DEBUG  ]  No samples found: star
[2018-03-18 11:29:58,703] multiqc                                            [DEBUG  ]  No samples found: hisat2
[2018-03-18 11:29:58,704] multiqc                                            [DEBUG  ]  No samples found: tophat
[2018-03-18 11:29:58,706] multiqc                                            [DEBUG  ]  No samples found: bowtie2
[2018-03-18 11:29:58,708] multiqc                                            [DEBUG  ]  No samples found: bowtie1
[2018-03-18 11:29:58,709] multiqc                                            [DEBUG  ]  No samples found: leehom
[2018-03-18 11:29:58,711] multiqc                                            [DEBUG  ]  No samples found: adapterRemoval
[2018-03-18 11:29:58,713] multiqc                                            [DEBUG  ]  No samples found: cutadapt
[2018-03-18 11:29:58,714] multiqc                                            [DEBUG  ]  No samples found: flexbar
[2018-03-18 11:29:58,716] multiqc                                            [DEBUG  ]  No samples found: trimmomatic
[2018-03-18 11:29:58,718] multiqc                                            [DEBUG  ]  No samples found: skewer
[2018-03-18 11:29:58,720] multiqc                                            [DEBUG  ]  No samples found: sortmerna
[2018-03-18 11:29:58,721] multiqc                                            [DEBUG  ]  No samples found: biobloomtools
[2018-03-18 11:29:58,723] multiqc                                            [DEBUG  ]  No samples found: fastq_screen
[2018-03-18 11:29:58,767] multiqc.modules.fastqc.fastqc                      [INFO   ]  Found 28 reports
[2018-03-18 11:29:59,229] multiqc                                            [DEBUG  ]  No samples found: clusterflow
[2018-03-18 11:29:59,231] multiqc                                            [DEBUG  ]  No samples found: bcl2fastq
[2018-03-18 11:29:59,233] multiqc                                            [DEBUG  ]  No samples found: interop
[2018-03-18 11:29:59,255] multiqc                                            [INFO   ]  Compressing plot data
[2018-03-18 11:29:59,537] multiqc                                            [INFO   ]  Report      : multiqc_report.html
[2018-03-18 11:29:59,537] multiqc                                            [INFO   ]  Data        : multiqc_data
[2018-03-18 11:29:59,537] multiqc                                            [DEBUG  ]  Moving data file from '/tmp/tmp4eh04_cq/multiqc_data/multiqc_fastqc.txt' to '/home/tfm-eimt/cgomez/data/papers/pancreatic/reports/fastqc_clean/multiqc_data'
[2018-03-18 11:29:59,537] multiqc                                            [DEBUG  ]  Moving data file from '/tmp/tmp4eh04_cq/multiqc_data/multiqc_general_stats.txt' to '/home/tfm-eimt/cgomez/data/papers/pancreatic/reports/fastqc_clean/multiqc_data'
[2018-03-18 11:29:59,537] multiqc                                            [DEBUG  ]  Moving data file from '/tmp/tmp4eh04_cq/multiqc_data/multiqc_sources.txt' to '/home/tfm-eimt/cgomez/data/papers/pancreatic/reports/fastqc_clean/multiqc_data'
[2018-03-18 11:29:59,537] multiqc                                            [DEBUG  ]  Moving data file from '/tmp/tmp4eh04_cq/multiqc_data/multiqc_data.json' to '/home/tfm-eimt/cgomez/data/papers/pancreatic/reports/fastqc_clean/multiqc_data'
[2018-03-18 11:29:59,600] multiqc                                            [INFO   ]  MultiQC complete
