[2018-03-15 19:11:32,531] multiqc                                            [DEBUG  ]  No MultiQC config found: /home/tfm-eimt/cgomez/software/anaconda3/lib/python3.6/site-packages/multiqc_config.yaml
[2018-03-15 19:11:32,531] multiqc                                            [DEBUG  ]  No MultiQC config found: /home/tfm-eimt/.multiqc_config.yaml
[2018-03-15 19:11:32,531] multiqc                                            [DEBUG  ]  No MultiQC config found: multiqc_config.yaml
[2018-03-15 19:11:32,531] multiqc                                            [DEBUG  ]  Command used: /home/tfm-eimt/cgomez/software/anaconda3/bin/multiqc .
[2018-03-15 19:11:37,632] multiqc                                            [DEBUG  ]  Latest MultiQC version is v1.5
[2018-03-15 19:11:37,632] multiqc                                            [INFO   ]  This is MultiQC v1.5.dev0
[2018-03-15 19:11:37,633] multiqc                                            [DEBUG  ]  Command     : /home/tfm-eimt/cgomez/software/anaconda3/bin/multiqc .
[2018-03-15 19:11:37,633] multiqc                                            [DEBUG  ]  Working dir : /home/tfm-eimt/cgomez/data/papers/hepatocellular/fastqc_clean
[2018-03-15 19:11:37,633] multiqc                                            [INFO   ]  Template    : default
[2018-03-15 19:11:37,633] multiqc                                            [INFO   ]  Searching '.'
[2018-03-15 19:11:37,634] multiqc                                            [DEBUG  ]  Analysing modules: afterqc, custom_content, conpair, peddy, methylQA, qualimap, preseq, quast, qorts, rna_seqc, rsem, rseqc, busco, goleft_indexcov, disambiguate, supernova, deeptools, sargasso, verifybamid, homer, macs2, theta2, snpeff, gatk, htseq, bcftools, featureCounts, picard, prokka, samblaster, samtools, bamtools, jellyfish, vcftools, bbmap, bismark, hicexplorer, hicup, salmon, kallisto, slamdunk, star, hisat2, tophat, bowtie2, bowtie1, leehom, adapterRemoval, cutadapt, flexbar, trimmomatic, skewer, sortmerna, biobloomtools, fastq_screen, fastqc, clusterflow, bcl2fastq, interop
[2018-03-15 19:11:37,634] multiqc                                            [DEBUG  ]  Using temporary directory for creating report: /tmp/tmptcvhy2rn
[2018-03-15 19:11:37,661] multiqc                                            [DEBUG  ]  Ignoring file as matched an ignore pattern: SRR5712516_2.clean_fastqc.html
[2018-03-15 19:11:37,662] multiqc                                            [DEBUG  ]  Ignoring file as matched an ignore pattern: SRR5712517_1.clean_fastqc.html
[2018-03-15 19:11:37,663] multiqc                                            [DEBUG  ]  Ignoring file as matched an ignore pattern: SRR5712517_2.clean_fastqc.html
[2018-03-15 19:11:37,663] multiqc                                            [DEBUG  ]  Ignoring file as matched an ignore pattern: SRR5712518_1.clean_fastqc.html
[2018-03-15 19:11:37,663] multiqc                                            [DEBUG  ]  Ignoring file as matched an ignore pattern: SRR5712518_2.clean_fastqc.html
[2018-03-15 19:11:37,663] multiqc                                            [DEBUG  ]  Ignoring file as matched an ignore pattern: SRR5712519_1.clean_fastqc.html
[2018-03-15 19:11:37,664] multiqc                                            [DEBUG  ]  Ignoring file as matched an ignore pattern: SRR5712519_2.clean_fastqc.html
[2018-03-15 19:11:37,664] multiqc                                            [DEBUG  ]  Ignoring file as matched an ignore pattern: SRR5712520_1.clean_fastqc.html
[2018-03-15 19:11:37,664] multiqc                                            [DEBUG  ]  Ignoring file as matched an ignore pattern: SRR5712520_2.clean_fastqc.html
[2018-03-15 19:11:37,664] multiqc                                            [DEBUG  ]  Ignoring file as matched an ignore pattern: SRR5712521_1.clean_fastqc.html
[2018-03-15 19:11:37,664] multiqc                                            [DEBUG  ]  Ignoring file as matched an ignore pattern: SRR5712521_2.clean_fastqc.html
[2018-03-15 19:11:37,665] multiqc                                            [DEBUG  ]  Ignoring file as matched an ignore pattern: SRR5712522_1.clean_fastqc.html
[2018-03-15 19:11:37,665] multiqc                                            [DEBUG  ]  Ignoring file as matched an ignore pattern: SRR5712522_2.clean_fastqc.html
[2018-03-15 19:11:37,665] multiqc                                            [DEBUG  ]  Ignoring file as matched an ignore pattern: SRR5712523_1.clean_fastqc.html
[2018-03-15 19:11:37,665] multiqc                                            [DEBUG  ]  Ignoring file as matched an ignore pattern: SRR5712523_2.clean_fastqc.html
[2018-03-15 19:11:37,666] multiqc                                            [DEBUG  ]  Ignoring file as matched an ignore pattern: SRR5712524_1.clean_fastqc.html
[2018-03-15 19:11:37,666] multiqc                                            [DEBUG  ]  Ignoring file as matched an ignore pattern: SRR5712524_2.clean_fastqc.html
[2018-03-15 19:11:37,666] multiqc                                            [DEBUG  ]  Ignoring file as matched an ignore pattern: SRR5712525_1.clean_fastqc.html
[2018-03-15 19:11:37,666] multiqc                                            [DEBUG  ]  Ignoring file as matched an ignore pattern: SRR5712525_2.clean_fastqc.html
[2018-03-15 19:11:37,666] multiqc                                            [DEBUG  ]  Ignoring file as matched an ignore pattern: SRR5712526_1.clean_fastqc.html
[2018-03-15 19:11:37,667] multiqc                                            [DEBUG  ]  Ignoring file as matched an ignore pattern: SRR5712526_2.clean_fastqc.html
[2018-03-15 19:11:37,667] multiqc                                            [DEBUG  ]  Ignoring file as matched an ignore pattern: SRR5712527_1.clean_fastqc.html
[2018-03-15 19:11:37,667] multiqc                                            [DEBUG  ]  Ignoring file as matched an ignore pattern: SRR5712527_2.clean_fastqc.html
[2018-03-15 19:11:37,667] multiqc                                            [DEBUG  ]  Ignoring file as matched an ignore pattern: SRR5712528_1.clean_fastqc.html
[2018-03-15 19:11:37,667] multiqc                                            [DEBUG  ]  Ignoring file as matched an ignore pattern: SRR5712528_2.clean_fastqc.html
[2018-03-15 19:11:37,668] multiqc                                            [DEBUG  ]  Ignoring file as matched an ignore pattern: SRR5712529_1.clean_fastqc.html
[2018-03-15 19:11:37,668] multiqc                                            [DEBUG  ]  Ignoring file as matched an ignore pattern: SRR5712529_2.clean_fastqc.html
[2018-03-15 19:11:37,668] multiqc                                            [DEBUG  ]  Ignoring file as matched an ignore pattern: SRR5712530_1.clean_fastqc.html
[2018-03-15 19:11:37,668] multiqc                                            [DEBUG  ]  Ignoring file as matched an ignore pattern: SRR5712530_2.clean_fastqc.html
[2018-03-15 19:11:37,668] multiqc                                            [DEBUG  ]  Ignoring file as matched an ignore pattern: SRR5712531_1.clean_fastqc.html
[2018-03-15 19:11:37,669] multiqc                                            [DEBUG  ]  Ignoring file as matched an ignore pattern: SRR5712531_2.clean_fastqc.html
[2018-03-15 19:11:37,669] multiqc                                            [DEBUG  ]  Ignoring file as matched an ignore pattern: SRR5712532_1.clean_fastqc.html
[2018-03-15 19:11:37,669] multiqc                                            [DEBUG  ]  Ignoring file as matched an ignore pattern: SRR5712532_2.clean_fastqc.html
[2018-03-15 19:11:37,669] multiqc                                            [DEBUG  ]  Ignoring file as matched an ignore pattern: SRR5712533_1.clean_fastqc.html
[2018-03-15 19:11:37,669] multiqc                                            [DEBUG  ]  Ignoring file as matched an ignore pattern: SRR5712533_2.clean_fastqc.html
[2018-03-15 19:11:37,670] multiqc                                            [DEBUG  ]  Ignoring file as matched an ignore pattern: SRR5712534_1.clean_fastqc.html
[2018-03-15 19:11:37,670] multiqc                                            [DEBUG  ]  Ignoring file as matched an ignore pattern: SRR5712534_2.clean_fastqc.html
[2018-03-15 19:11:37,670] multiqc                                            [DEBUG  ]  Ignoring file as matched an ignore pattern: SRR5712535_1.clean_fastqc.html
[2018-03-15 19:11:37,670] multiqc                                            [DEBUG  ]  Ignoring file as matched an ignore pattern: SRR5712535_2.clean_fastqc.html
[2018-03-15 19:11:37,670] multiqc                                            [DEBUG  ]  Ignoring file as matched an ignore pattern: SRR5712536_1.clean_fastqc.html
[2018-03-15 19:11:37,671] multiqc                                            [DEBUG  ]  Ignoring file as matched an ignore pattern: SRR5712536_2.clean_fastqc.html
[2018-03-15 19:11:37,671] multiqc                                            [DEBUG  ]  Ignoring file as matched an ignore pattern: SRR5712516_1_clean_fastqc.html
[2018-03-15 19:11:37,671] multiqc                                            [DEBUG  ]  Ignoring file as matched an ignore pattern: SRR5712516_1_fastqc.html
[2018-03-15 19:11:37,671] multiqc                                            [DEBUG  ]  Ignoring file as matched an ignore pattern: SRR5712516_2_fastqc.html
[2018-03-15 19:11:37,790] multiqc                                            [DEBUG  ]  No samples found: afterqc
[2018-03-15 19:11:37,793] multiqc                                            [DEBUG  ]  No samples found: custom_content
[2018-03-15 19:11:37,794] multiqc                                            [DEBUG  ]  No samples found: conpair
[2018-03-15 19:11:37,796] multiqc                                            [DEBUG  ]  No samples found: peddy
[2018-03-15 19:11:37,798] multiqc                                            [DEBUG  ]  No samples found: methylQA
[2018-03-15 19:11:37,800] multiqc                                            [DEBUG  ]  No samples found: qualimap
[2018-03-15 19:11:37,801] multiqc                                            [DEBUG  ]  No samples found: preseq
[2018-03-15 19:11:37,803] multiqc                                            [DEBUG  ]  No samples found: quast
[2018-03-15 19:11:37,805] multiqc                                            [DEBUG  ]  No samples found: qorts
[2018-03-15 19:11:37,807] multiqc                                            [DEBUG  ]  No samples found: rna_seqc
[2018-03-15 19:11:37,808] multiqc                                            [DEBUG  ]  No samples found: rsem
[2018-03-15 19:11:37,811] multiqc                                            [DEBUG  ]  No samples found: rseqc
[2018-03-15 19:11:37,813] multiqc                                            [DEBUG  ]  No samples found: busco
[2018-03-15 19:11:37,815] multiqc                                            [DEBUG  ]  No samples found: goleft_indexcov
[2018-03-15 19:11:37,816] multiqc                                            [DEBUG  ]  No samples found: disambiguate
[2018-03-15 19:11:37,818] multiqc                                            [DEBUG  ]  No samples found: supernova
[2018-03-15 19:11:37,821] multiqc                                            [DEBUG  ]  No samples found: deeptools
[2018-03-15 19:11:37,822] multiqc                                            [DEBUG  ]  No samples found: sargasso
[2018-03-15 19:11:37,824] multiqc                                            [DEBUG  ]  No samples found: verifybamid
[2018-03-15 19:11:37,826] multiqc                                            [DEBUG  ]  No samples found: homer
[2018-03-15 19:11:37,828] multiqc                                            [DEBUG  ]  No samples found: macs2
[2018-03-15 19:11:37,830] multiqc                                            [DEBUG  ]  No samples found: theta2
[2018-03-15 19:11:37,832] multiqc                                            [DEBUG  ]  No samples found: snpeff
[2018-03-15 19:11:37,834] multiqc                                            [DEBUG  ]  No samples found: gatk
[2018-03-15 19:11:37,835] multiqc                                            [DEBUG  ]  No samples found: htseq
[2018-03-15 19:11:37,837] multiqc                                            [DEBUG  ]  No samples found: bcftools
[2018-03-15 19:11:37,839] multiqc                                            [DEBUG  ]  No samples found: featureCounts
[2018-03-15 19:11:37,842] multiqc                                            [DEBUG  ]  No samples found: picard
[2018-03-15 19:11:37,844] multiqc                                            [DEBUG  ]  No samples found: prokka
[2018-03-15 19:11:37,846] multiqc                                            [DEBUG  ]  No samples found: samblaster
[2018-03-15 19:11:37,848] multiqc                                            [DEBUG  ]  No samples found: samtools
[2018-03-15 19:11:37,850] multiqc                                            [DEBUG  ]  No samples found: bamtools
[2018-03-15 19:11:37,851] multiqc                                            [DEBUG  ]  No samples found: jellyfish
[2018-03-15 19:11:37,854] multiqc                                            [DEBUG  ]  No samples found: vcftools
[2018-03-15 19:11:37,857] multiqc                                            [DEBUG  ]  No samples found: bbmap
[2018-03-15 19:11:37,858] multiqc                                            [DEBUG  ]  No samples found: bismark
[2018-03-15 19:11:37,860] multiqc                                            [DEBUG  ]  No samples found: hicexplorer
[2018-03-15 19:11:37,862] multiqc                                            [DEBUG  ]  No samples found: hicup
[2018-03-15 19:11:37,863] multiqc                                            [DEBUG  ]  No samples found: salmon
[2018-03-15 19:11:37,865] multiqc                                            [DEBUG  ]  No samples found: kallisto
[2018-03-15 19:11:37,867] multiqc                                            [DEBUG  ]  No samples found: slamdunk
[2018-03-15 19:11:37,869] multiqc                                            [DEBUG  ]  No samples found: star
[2018-03-15 19:11:37,870] multiqc                                            [DEBUG  ]  No samples found: hisat2
[2018-03-15 19:11:37,872] multiqc                                            [DEBUG  ]  No samples found: tophat
[2018-03-15 19:11:37,874] multiqc                                            [DEBUG  ]  No samples found: bowtie2
[2018-03-15 19:11:37,876] multiqc                                            [DEBUG  ]  No samples found: bowtie1
[2018-03-15 19:11:37,877] multiqc                                            [DEBUG  ]  No samples found: leehom
[2018-03-15 19:11:37,879] multiqc                                            [DEBUG  ]  No samples found: adapterRemoval
[2018-03-15 19:11:37,881] multiqc                                            [DEBUG  ]  No samples found: cutadapt
[2018-03-15 19:11:37,882] multiqc                                            [DEBUG  ]  No samples found: flexbar
[2018-03-15 19:11:37,884] multiqc                                            [DEBUG  ]  No samples found: trimmomatic
[2018-03-15 19:11:37,886] multiqc                                            [DEBUG  ]  No samples found: skewer
[2018-03-15 19:11:37,887] multiqc                                            [DEBUG  ]  No samples found: sortmerna
[2018-03-15 19:11:37,889] multiqc                                            [DEBUG  ]  No samples found: biobloomtools
[2018-03-15 19:11:37,891] multiqc                                            [DEBUG  ]  No samples found: fastq_screen
[2018-03-15 19:11:37,958] multiqc.modules.fastqc.fastqc                      [DEBUG  ]  Skipping 'SRR5712516_1_fastqc.zip' as already parsed 'SRR5712516_1'
[2018-03-15 19:11:37,958] multiqc.modules.fastqc.fastqc                      [DEBUG  ]  Skipping 'SRR5712516_2_fastqc.zip' as already parsed 'SRR5712516_2'
[2018-03-15 19:11:37,958] multiqc.modules.fastqc.fastqc                      [INFO   ]  Found 42 reports
[2018-03-15 19:11:38,627] multiqc                                            [DEBUG  ]  No samples found: clusterflow
[2018-03-15 19:11:38,628] multiqc                                            [DEBUG  ]  No samples found: bcl2fastq
[2018-03-15 19:11:38,630] multiqc                                            [DEBUG  ]  No samples found: interop
[2018-03-15 19:11:38,663] multiqc                                            [INFO   ]  Compressing plot data
[2018-03-15 19:11:39,159] multiqc                                            [INFO   ]  Report      : multiqc_report.html
[2018-03-15 19:11:39,159] multiqc                                            [INFO   ]  Data        : multiqc_data
[2018-03-15 19:11:39,159] multiqc                                            [DEBUG  ]  Moving data file from '/tmp/tmptcvhy2rn/multiqc_data/multiqc_fastqc.txt' to '/home/tfm-eimt/cgomez/data/papers/hepatocellular/fastqc_clean/multiqc_data'
[2018-03-15 19:11:39,160] multiqc                                            [DEBUG  ]  Moving data file from '/tmp/tmptcvhy2rn/multiqc_data/multiqc_general_stats.txt' to '/home/tfm-eimt/cgomez/data/papers/hepatocellular/fastqc_clean/multiqc_data'
[2018-03-15 19:11:39,160] multiqc                                            [DEBUG  ]  Moving data file from '/tmp/tmptcvhy2rn/multiqc_data/multiqc_sources.txt' to '/home/tfm-eimt/cgomez/data/papers/hepatocellular/fastqc_clean/multiqc_data'
[2018-03-15 19:11:39,160] multiqc                                            [DEBUG  ]  Moving data file from '/tmp/tmptcvhy2rn/multiqc_data/multiqc_data.json' to '/home/tfm-eimt/cgomez/data/papers/hepatocellular/fastqc_clean/multiqc_data'
[2018-03-15 19:11:39,224] multiqc                                            [INFO   ]  MultiQC complete
