[2018-03-15 19:11:06,831] multiqc                                            [DEBUG  ]  No MultiQC config found: /home/tfm-eimt/cgomez/software/anaconda3/lib/python3.6/site-packages/multiqc_config.yaml
[2018-03-15 19:11:06,831] multiqc                                            [DEBUG  ]  No MultiQC config found: /home/tfm-eimt/.multiqc_config.yaml
[2018-03-15 19:11:06,831] multiqc                                            [DEBUG  ]  No MultiQC config found: multiqc_config.yaml
[2018-03-15 19:11:06,831] multiqc                                            [DEBUG  ]  Command used: /home/tfm-eimt/cgomez/software/anaconda3/bin/multiqc .
[2018-03-15 19:11:12,545] multiqc                                            [DEBUG  ]  Latest MultiQC version is v1.5
[2018-03-15 19:11:12,545] multiqc                                            [INFO   ]  This is MultiQC v1.5.dev0
[2018-03-15 19:11:12,545] multiqc                                            [DEBUG  ]  Command     : /home/tfm-eimt/cgomez/software/anaconda3/bin/multiqc .
[2018-03-15 19:11:12,545] multiqc                                            [DEBUG  ]  Working dir : /home/tfm-eimt/cgomez/data/papers/hepatocellular/fastqc
[2018-03-15 19:11:12,546] multiqc                                            [INFO   ]  Template    : default
[2018-03-15 19:11:12,546] multiqc                                            [INFO   ]  Searching '.'
[2018-03-15 19:11:12,547] multiqc                                            [DEBUG  ]  Analysing modules: afterqc, custom_content, conpair, peddy, methylQA, qualimap, preseq, quast, qorts, rna_seqc, rsem, rseqc, busco, goleft_indexcov, disambiguate, supernova, deeptools, sargasso, verifybamid, homer, macs2, theta2, snpeff, gatk, htseq, bcftools, featureCounts, picard, prokka, samblaster, samtools, bamtools, jellyfish, vcftools, bbmap, bismark, hicexplorer, hicup, salmon, kallisto, slamdunk, star, hisat2, tophat, bowtie2, bowtie1, leehom, adapterRemoval, cutadapt, flexbar, trimmomatic, skewer, sortmerna, biobloomtools, fastq_screen, fastqc, clusterflow, bcl2fastq, interop
[2018-03-15 19:11:12,547] multiqc                                            [DEBUG  ]  Using temporary directory for creating report: /tmp/tmp8hzfn0ve
[2018-03-15 19:11:12,574] multiqc                                            [DEBUG  ]  Ignoring file as matched an ignore pattern: SRR5712517_1_fastqc.html
[2018-03-15 19:11:12,574] multiqc                                            [DEBUG  ]  Ignoring file as matched an ignore pattern: SRR5712518_1_fastqc.html
[2018-03-15 19:11:12,575] multiqc                                            [DEBUG  ]  Ignoring file as matched an ignore pattern: SRR5712519_1_fastqc.html
[2018-03-15 19:11:12,575] multiqc                                            [DEBUG  ]  Ignoring file as matched an ignore pattern: SRR5712520_1_fastqc.html
[2018-03-15 19:11:12,575] multiqc                                            [DEBUG  ]  Ignoring file as matched an ignore pattern: SRR5712521_1_fastqc.html
[2018-03-15 19:11:12,575] multiqc                                            [DEBUG  ]  Ignoring file as matched an ignore pattern: SRR5712522_1_fastqc.html
[2018-03-15 19:11:12,575] multiqc                                            [DEBUG  ]  Ignoring file as matched an ignore pattern: SRR5712523_1_fastqc.html
[2018-03-15 19:11:12,576] multiqc                                            [DEBUG  ]  Ignoring file as matched an ignore pattern: SRR5712524_1_fastqc.html
[2018-03-15 19:11:12,576] multiqc                                            [DEBUG  ]  Ignoring file as matched an ignore pattern: SRR5712525_1_fastqc.html
[2018-03-15 19:11:12,576] multiqc                                            [DEBUG  ]  Ignoring file as matched an ignore pattern: SRR5712526_1_fastqc.html
[2018-03-15 19:11:12,576] multiqc                                            [DEBUG  ]  Ignoring file as matched an ignore pattern: SRR5712527_1_fastqc.html
[2018-03-15 19:11:12,577] multiqc                                            [DEBUG  ]  Ignoring file as matched an ignore pattern: SRR5712528_1_fastqc.html
[2018-03-15 19:11:12,577] multiqc                                            [DEBUG  ]  Ignoring file as matched an ignore pattern: SRR5712529_1_fastqc.html
[2018-03-15 19:11:12,577] multiqc                                            [DEBUG  ]  Ignoring file as matched an ignore pattern: SRR5712530_1_fastqc.html
[2018-03-15 19:11:12,577] multiqc                                            [DEBUG  ]  Ignoring file as matched an ignore pattern: SRR5712531_1_fastqc.html
[2018-03-15 19:11:12,577] multiqc                                            [DEBUG  ]  Ignoring file as matched an ignore pattern: SRR5712532_1_fastqc.html
[2018-03-15 19:11:12,578] multiqc                                            [DEBUG  ]  Ignoring file as matched an ignore pattern: SRR5712533_1_fastqc.html
[2018-03-15 19:11:12,578] multiqc                                            [DEBUG  ]  Ignoring file as matched an ignore pattern: SRR5712534_1_fastqc.html
[2018-03-15 19:11:12,578] multiqc                                            [DEBUG  ]  Ignoring file as matched an ignore pattern: SRR5712535_1_fastqc.html
[2018-03-15 19:11:12,578] multiqc                                            [DEBUG  ]  Ignoring file as matched an ignore pattern: SRR5712536_1_fastqc.html
[2018-03-15 19:11:12,579] multiqc                                            [DEBUG  ]  Ignoring file as matched an ignore pattern: SRR5712517_2_fastqc.html
[2018-03-15 19:11:12,579] multiqc                                            [DEBUG  ]  Ignoring file as matched an ignore pattern: SRR5712518_2_fastqc.html
[2018-03-15 19:11:12,579] multiqc                                            [DEBUG  ]  Ignoring file as matched an ignore pattern: SRR5712519_2_fastqc.html
[2018-03-15 19:11:12,579] multiqc                                            [DEBUG  ]  Ignoring file as matched an ignore pattern: SRR5712520_2_fastqc.html
[2018-03-15 19:11:12,579] multiqc                                            [DEBUG  ]  Ignoring file as matched an ignore pattern: SRR5712521_2_fastqc.html
[2018-03-15 19:11:12,580] multiqc                                            [DEBUG  ]  Ignoring file as matched an ignore pattern: SRR5712522_2_fastqc.html
[2018-03-15 19:11:12,580] multiqc                                            [DEBUG  ]  Ignoring file as matched an ignore pattern: SRR5712523_2_fastqc.html
[2018-03-15 19:11:12,580] multiqc                                            [DEBUG  ]  Ignoring file as matched an ignore pattern: SRR5712524_2_fastqc.html
[2018-03-15 19:11:12,580] multiqc                                            [DEBUG  ]  Ignoring file as matched an ignore pattern: SRR5712525_2_fastqc.html
[2018-03-15 19:11:12,580] multiqc                                            [DEBUG  ]  Ignoring file as matched an ignore pattern: SRR5712526_2_fastqc.html
[2018-03-15 19:11:12,581] multiqc                                            [DEBUG  ]  Ignoring file as matched an ignore pattern: SRR5712527_2_fastqc.html
[2018-03-15 19:11:12,581] multiqc                                            [DEBUG  ]  Ignoring file as matched an ignore pattern: SRR5712528_2_fastqc.html
[2018-03-15 19:11:12,581] multiqc                                            [DEBUG  ]  Ignoring file as matched an ignore pattern: SRR5712529_2_fastqc.html
[2018-03-15 19:11:12,581] multiqc                                            [DEBUG  ]  Ignoring file as matched an ignore pattern: SRR5712530_2_fastqc.html
[2018-03-15 19:11:12,582] multiqc                                            [DEBUG  ]  Ignoring file as matched an ignore pattern: SRR5712531_2_fastqc.html
[2018-03-15 19:11:12,582] multiqc                                            [DEBUG  ]  Ignoring file as matched an ignore pattern: SRR5712532_2_fastqc.html
[2018-03-15 19:11:12,582] multiqc                                            [DEBUG  ]  Ignoring file as matched an ignore pattern: SRR5712533_2_fastqc.html
[2018-03-15 19:11:12,582] multiqc                                            [DEBUG  ]  Ignoring file as matched an ignore pattern: SRR5712534_2_fastqc.html
[2018-03-15 19:11:12,582] multiqc                                            [DEBUG  ]  Ignoring file as matched an ignore pattern: SRR5712535_2_fastqc.html
[2018-03-15 19:11:12,583] multiqc                                            [DEBUG  ]  Ignoring file as matched an ignore pattern: SRR5712536_2_fastqc.html
[2018-03-15 19:11:12,996] multiqc                                            [DEBUG  ]  No samples found: afterqc
[2018-03-15 19:11:13,005] multiqc                                            [DEBUG  ]  No samples found: custom_content
[2018-03-15 19:11:13,009] multiqc                                            [DEBUG  ]  No samples found: conpair
[2018-03-15 19:11:13,013] multiqc                                            [DEBUG  ]  No samples found: peddy
[2018-03-15 19:11:13,017] multiqc                                            [DEBUG  ]  No samples found: methylQA
[2018-03-15 19:11:13,020] multiqc                                            [DEBUG  ]  No samples found: qualimap
[2018-03-15 19:11:13,023] multiqc                                            [DEBUG  ]  No samples found: preseq
[2018-03-15 19:11:13,025] multiqc                                            [DEBUG  ]  No samples found: quast
[2018-03-15 19:11:13,027] multiqc                                            [DEBUG  ]  No samples found: qorts
[2018-03-15 19:11:13,030] multiqc                                            [DEBUG  ]  No samples found: rna_seqc
[2018-03-15 19:11:13,031] multiqc                                            [DEBUG  ]  No samples found: rsem
[2018-03-15 19:11:13,035] multiqc                                            [DEBUG  ]  No samples found: rseqc
[2018-03-15 19:11:13,036] multiqc                                            [DEBUG  ]  No samples found: busco
[2018-03-15 19:11:13,038] multiqc                                            [DEBUG  ]  No samples found: goleft_indexcov
[2018-03-15 19:11:13,040] multiqc                                            [DEBUG  ]  No samples found: disambiguate
[2018-03-15 19:11:13,042] multiqc                                            [DEBUG  ]  No samples found: supernova
[2018-03-15 19:11:13,044] multiqc                                            [DEBUG  ]  No samples found: deeptools
[2018-03-15 19:11:13,046] multiqc                                            [DEBUG  ]  No samples found: sargasso
[2018-03-15 19:11:13,048] multiqc                                            [DEBUG  ]  No samples found: verifybamid
[2018-03-15 19:11:13,050] multiqc                                            [DEBUG  ]  No samples found: homer
[2018-03-15 19:11:13,051] multiqc                                            [DEBUG  ]  No samples found: macs2
[2018-03-15 19:11:13,053] multiqc                                            [DEBUG  ]  No samples found: theta2
[2018-03-15 19:11:13,055] multiqc                                            [DEBUG  ]  No samples found: snpeff
[2018-03-15 19:11:13,057] multiqc                                            [DEBUG  ]  No samples found: gatk
[2018-03-15 19:11:13,059] multiqc                                            [DEBUG  ]  No samples found: htseq
[2018-03-15 19:11:13,061] multiqc                                            [DEBUG  ]  No samples found: bcftools
[2018-03-15 19:11:13,063] multiqc                                            [DEBUG  ]  No samples found: featureCounts
[2018-03-15 19:11:13,066] multiqc                                            [DEBUG  ]  No samples found: picard
[2018-03-15 19:11:13,068] multiqc                                            [DEBUG  ]  No samples found: prokka
[2018-03-15 19:11:13,069] multiqc                                            [DEBUG  ]  No samples found: samblaster
[2018-03-15 19:11:13,071] multiqc                                            [DEBUG  ]  No samples found: samtools
[2018-03-15 19:11:13,073] multiqc                                            [DEBUG  ]  No samples found: bamtools
[2018-03-15 19:11:13,075] multiqc                                            [DEBUG  ]  No samples found: jellyfish
[2018-03-15 19:11:13,077] multiqc                                            [DEBUG  ]  No samples found: vcftools
[2018-03-15 19:11:13,080] multiqc                                            [DEBUG  ]  No samples found: bbmap
[2018-03-15 19:11:13,082] multiqc                                            [DEBUG  ]  No samples found: bismark
[2018-03-15 19:11:13,084] multiqc                                            [DEBUG  ]  No samples found: hicexplorer
[2018-03-15 19:11:13,085] multiqc                                            [DEBUG  ]  No samples found: hicup
[2018-03-15 19:11:13,087] multiqc                                            [DEBUG  ]  No samples found: salmon
[2018-03-15 19:11:13,089] multiqc                                            [DEBUG  ]  No samples found: kallisto
[2018-03-15 19:11:13,091] multiqc                                            [DEBUG  ]  No samples found: slamdunk
[2018-03-15 19:11:13,092] multiqc                                            [DEBUG  ]  No samples found: star
[2018-03-15 19:11:13,094] multiqc                                            [DEBUG  ]  No samples found: hisat2
[2018-03-15 19:11:13,096] multiqc                                            [DEBUG  ]  No samples found: tophat
[2018-03-15 19:11:13,098] multiqc                                            [DEBUG  ]  No samples found: bowtie2
[2018-03-15 19:11:13,099] multiqc                                            [DEBUG  ]  No samples found: bowtie1
[2018-03-15 19:11:13,101] multiqc                                            [DEBUG  ]  No samples found: leehom
[2018-03-15 19:11:13,103] multiqc                                            [DEBUG  ]  No samples found: adapterRemoval
[2018-03-15 19:11:13,105] multiqc                                            [DEBUG  ]  No samples found: cutadapt
[2018-03-15 19:11:13,106] multiqc                                            [DEBUG  ]  No samples found: flexbar
[2018-03-15 19:11:13,108] multiqc                                            [DEBUG  ]  No samples found: trimmomatic
[2018-03-15 19:11:13,110] multiqc                                            [DEBUG  ]  No samples found: skewer
[2018-03-15 19:11:13,111] multiqc                                            [DEBUG  ]  No samples found: sortmerna
[2018-03-15 19:11:13,113] multiqc                                            [DEBUG  ]  No samples found: biobloomtools
[2018-03-15 19:11:13,115] multiqc                                            [DEBUG  ]  No samples found: fastq_screen
[2018-03-15 19:11:13,180] multiqc.modules.fastqc.fastqc                      [INFO   ]  Found 40 reports
[2018-03-15 19:11:13,817] multiqc                                            [DEBUG  ]  No samples found: clusterflow
[2018-03-15 19:11:13,819] multiqc                                            [DEBUG  ]  No samples found: bcl2fastq
[2018-03-15 19:11:13,821] multiqc                                            [DEBUG  ]  No samples found: interop
[2018-03-15 19:11:13,853] multiqc                                            [INFO   ]  Compressing plot data
[2018-03-15 19:11:14,332] multiqc                                            [INFO   ]  Report      : multiqc_report.html
[2018-03-15 19:11:14,333] multiqc                                            [INFO   ]  Data        : multiqc_data
[2018-03-15 19:11:14,333] multiqc                                            [DEBUG  ]  Moving data file from '/tmp/tmp8hzfn0ve/multiqc_data/multiqc_fastqc.txt' to '/home/tfm-eimt/cgomez/data/papers/hepatocellular/fastqc/multiqc_data'
[2018-03-15 19:11:14,333] multiqc                                            [DEBUG  ]  Moving data file from '/tmp/tmp8hzfn0ve/multiqc_data/multiqc_general_stats.txt' to '/home/tfm-eimt/cgomez/data/papers/hepatocellular/fastqc/multiqc_data'
[2018-03-15 19:11:14,333] multiqc                                            [DEBUG  ]  Moving data file from '/tmp/tmp8hzfn0ve/multiqc_data/multiqc_sources.txt' to '/home/tfm-eimt/cgomez/data/papers/hepatocellular/fastqc/multiqc_data'
[2018-03-15 19:11:14,333] multiqc                                            [DEBUG  ]  Moving data file from '/tmp/tmp8hzfn0ve/multiqc_data/multiqc_data.json' to '/home/tfm-eimt/cgomez/data/papers/hepatocellular/fastqc/multiqc_data'
[2018-03-15 19:11:14,398] multiqc                                            [INFO   ]  MultiQC complete
