[2018-03-16 09:14:05,436] multiqc                                            [DEBUG  ]  No MultiQC config found: /home/tfm-eimt/cgomez/software/anaconda3/lib/python3.6/site-packages/multiqc_config.yaml
[2018-03-16 09:14:05,436] multiqc                                            [DEBUG  ]  No MultiQC config found: /home/tfm-eimt/.multiqc_config.yaml
[2018-03-16 09:14:05,437] multiqc                                            [DEBUG  ]  No MultiQC config found: multiqc_config.yaml
[2018-03-16 09:14:05,437] multiqc                                            [DEBUG  ]  Command used: /home/tfm-eimt/cgomez/software/anaconda3/bin/multiqc .
[2018-03-16 09:14:16,048] multiqc                                            [DEBUG  ]  Latest MultiQC version is v1.5
[2018-03-16 09:14:16,048] multiqc                                            [INFO   ]  This is MultiQC v1.5.dev0
[2018-03-16 09:14:16,048] multiqc                                            [DEBUG  ]  Command     : /home/tfm-eimt/cgomez/software/anaconda3/bin/multiqc .
[2018-03-16 09:14:16,048] multiqc                                            [DEBUG  ]  Working dir : /home/tfm-eimt/cgomez/data/papers/colorectal/fastqc
[2018-03-16 09:14:16,048] multiqc                                            [INFO   ]  Template    : default
[2018-03-16 09:14:16,048] multiqc                                            [INFO   ]  Searching '.'
[2018-03-16 09:14:16,049] multiqc                                            [DEBUG  ]  Analysing modules: afterqc, custom_content, conpair, peddy, methylQA, qualimap, preseq, quast, qorts, rna_seqc, rsem, rseqc, busco, goleft_indexcov, disambiguate, supernova, deeptools, sargasso, verifybamid, homer, macs2, theta2, snpeff, gatk, htseq, bcftools, featureCounts, picard, prokka, samblaster, samtools, bamtools, jellyfish, vcftools, bbmap, bismark, hicexplorer, hicup, salmon, kallisto, slamdunk, star, hisat2, tophat, bowtie2, bowtie1, leehom, adapterRemoval, cutadapt, flexbar, trimmomatic, skewer, sortmerna, biobloomtools, fastq_screen, fastqc, clusterflow, bcl2fastq, interop
[2018-03-16 09:14:16,049] multiqc                                            [DEBUG  ]  Using temporary directory for creating report: /tmp/tmpmuagdd4p
[2018-03-16 09:14:16,267] multiqc                                            [DEBUG  ]  Ignoring file as matched an ignore pattern: SRR5687235_1_fastqc.html
[2018-03-16 09:14:16,268] multiqc                                            [DEBUG  ]  Ignoring file as matched an ignore pattern: SRR5687236_1_fastqc.html
[2018-03-16 09:14:16,268] multiqc                                            [DEBUG  ]  Ignoring file as matched an ignore pattern: SRR5687237_1_fastqc.html
[2018-03-16 09:14:16,268] multiqc                                            [DEBUG  ]  Ignoring file as matched an ignore pattern: SRR5687238_1_fastqc.html
[2018-03-16 09:14:16,269] multiqc                                            [DEBUG  ]  Ignoring file as matched an ignore pattern: SRR5687239_1_fastqc.html
[2018-03-16 09:14:16,269] multiqc                                            [DEBUG  ]  Ignoring file as matched an ignore pattern: SRR5687240_1_fastqc.html
[2018-03-16 09:14:16,269] multiqc                                            [DEBUG  ]  Ignoring file as matched an ignore pattern: SRR5687241_1_fastqc.html
[2018-03-16 09:14:16,270] multiqc                                            [DEBUG  ]  Ignoring file as matched an ignore pattern: SRR5687242_1_fastqc.html
[2018-03-16 09:14:16,270] multiqc                                            [DEBUG  ]  Ignoring file as matched an ignore pattern: SRR5687243_1_fastqc.html
[2018-03-16 09:14:16,270] multiqc                                            [DEBUG  ]  Ignoring file as matched an ignore pattern: SRR5687244_1_fastqc.html
[2018-03-16 09:14:16,271] multiqc                                            [DEBUG  ]  Ignoring file as matched an ignore pattern: SRR5687245_1_fastqc.html
[2018-03-16 09:14:16,271] multiqc                                            [DEBUG  ]  Ignoring file as matched an ignore pattern: SRR5687246_1_fastqc.html
[2018-03-16 09:14:16,272] multiqc                                            [DEBUG  ]  Ignoring file as matched an ignore pattern: SRR5687235_2_fastqc.html
[2018-03-16 09:14:16,272] multiqc                                            [DEBUG  ]  Ignoring file as matched an ignore pattern: SRR5687236_2_fastqc.html
[2018-03-16 09:14:16,272] multiqc                                            [DEBUG  ]  Ignoring file as matched an ignore pattern: SRR5687237_2_fastqc.html
[2018-03-16 09:14:16,273] multiqc                                            [DEBUG  ]  Ignoring file as matched an ignore pattern: SRR5687238_2_fastqc.html
[2018-03-16 09:14:16,273] multiqc                                            [DEBUG  ]  Ignoring file as matched an ignore pattern: SRR5687239_2_fastqc.html
[2018-03-16 09:14:16,273] multiqc                                            [DEBUG  ]  Ignoring file as matched an ignore pattern: SRR5687240_2_fastqc.html
[2018-03-16 09:14:16,274] multiqc                                            [DEBUG  ]  Ignoring file as matched an ignore pattern: SRR5687241_2_fastqc.html
[2018-03-16 09:14:16,286] multiqc                                            [DEBUG  ]  Ignoring file as matched an ignore pattern: SRR5687242_2_fastqc.html
[2018-03-16 09:14:16,287] multiqc                                            [DEBUG  ]  Ignoring file as matched an ignore pattern: SRR5687243_2_fastqc.html
[2018-03-16 09:14:16,287] multiqc                                            [DEBUG  ]  Ignoring file as matched an ignore pattern: SRR5687244_2_fastqc.html
[2018-03-16 09:14:16,288] multiqc                                            [DEBUG  ]  Ignoring file as matched an ignore pattern: SRR5687245_2_fastqc.html
[2018-03-16 09:14:16,288] multiqc                                            [DEBUG  ]  Ignoring file as matched an ignore pattern: SRR5687246_2_fastqc.html
[2018-03-16 09:14:17,434] multiqc                                            [DEBUG  ]  No samples found: afterqc
[2018-03-16 09:14:17,454] multiqc                                            [DEBUG  ]  No samples found: custom_content
[2018-03-16 09:14:17,459] multiqc                                            [DEBUG  ]  No samples found: conpair
[2018-03-16 09:14:17,487] multiqc                                            [DEBUG  ]  No samples found: peddy
[2018-03-16 09:14:17,491] multiqc                                            [DEBUG  ]  No samples found: methylQA
[2018-03-16 09:14:17,516] multiqc                                            [DEBUG  ]  No samples found: qualimap
[2018-03-16 09:14:17,530] multiqc                                            [DEBUG  ]  No samples found: preseq
[2018-03-16 09:14:17,539] multiqc                                            [DEBUG  ]  No samples found: quast
[2018-03-16 09:14:17,542] multiqc                                            [DEBUG  ]  No samples found: qorts
[2018-03-16 09:14:17,562] multiqc                                            [DEBUG  ]  No samples found: rna_seqc
[2018-03-16 09:14:17,573] multiqc                                            [DEBUG  ]  No samples found: rsem
[2018-03-16 09:14:17,581] multiqc                                            [DEBUG  ]  No samples found: rseqc
[2018-03-16 09:14:17,585] multiqc                                            [DEBUG  ]  No samples found: busco
[2018-03-16 09:14:17,598] multiqc                                            [DEBUG  ]  No samples found: goleft_indexcov
[2018-03-16 09:14:17,612] multiqc                                            [DEBUG  ]  No samples found: disambiguate
[2018-03-16 09:14:17,616] multiqc                                            [DEBUG  ]  No samples found: supernova
[2018-03-16 09:14:17,643] multiqc                                            [DEBUG  ]  No samples found: deeptools
[2018-03-16 09:14:17,646] multiqc                                            [DEBUG  ]  No samples found: sargasso
[2018-03-16 09:14:17,650] multiqc                                            [DEBUG  ]  No samples found: verifybamid
[2018-03-16 09:14:17,665] multiqc                                            [DEBUG  ]  No samples found: homer
[2018-03-16 09:14:17,669] multiqc                                            [DEBUG  ]  No samples found: macs2
[2018-03-16 09:14:17,673] multiqc                                            [DEBUG  ]  No samples found: theta2
[2018-03-16 09:14:17,687] multiqc                                            [DEBUG  ]  No samples found: snpeff
[2018-03-16 09:14:17,705] multiqc                                            [DEBUG  ]  No samples found: gatk
[2018-03-16 09:14:17,709] multiqc                                            [DEBUG  ]  No samples found: htseq
[2018-03-16 09:14:17,713] multiqc                                            [DEBUG  ]  No samples found: bcftools
[2018-03-16 09:14:17,738] multiqc                                            [DEBUG  ]  No samples found: featureCounts
[2018-03-16 09:14:17,778] multiqc                                            [DEBUG  ]  No samples found: picard
[2018-03-16 09:14:17,782] multiqc                                            [DEBUG  ]  No samples found: prokka
[2018-03-16 09:14:17,786] multiqc                                            [DEBUG  ]  No samples found: samblaster
[2018-03-16 09:14:17,801] multiqc                                            [DEBUG  ]  No samples found: samtools
[2018-03-16 09:14:17,805] multiqc                                            [DEBUG  ]  No samples found: bamtools
[2018-03-16 09:14:17,808] multiqc                                            [DEBUG  ]  No samples found: jellyfish
[2018-03-16 09:14:17,824] multiqc                                            [DEBUG  ]  No samples found: vcftools
[2018-03-16 09:14:17,832] multiqc                                            [DEBUG  ]  No samples found: bbmap
[2018-03-16 09:14:17,836] multiqc                                            [DEBUG  ]  No samples found: bismark
[2018-03-16 09:14:17,850] multiqc                                            [DEBUG  ]  No samples found: hicexplorer
[2018-03-16 09:14:17,867] multiqc                                            [DEBUG  ]  No samples found: hicup
[2018-03-16 09:14:17,871] multiqc                                            [DEBUG  ]  No samples found: salmon
[2018-03-16 09:14:17,875] multiqc                                            [DEBUG  ]  No samples found: kallisto
[2018-03-16 09:14:17,888] multiqc                                            [DEBUG  ]  No samples found: slamdunk
[2018-03-16 09:14:17,904] multiqc                                            [DEBUG  ]  No samples found: star
[2018-03-16 09:14:17,908] multiqc                                            [DEBUG  ]  No samples found: hisat2
[2018-03-16 09:14:17,911] multiqc                                            [DEBUG  ]  No samples found: tophat
[2018-03-16 09:14:17,925] multiqc                                            [DEBUG  ]  No samples found: bowtie2
[2018-03-16 09:14:17,929] multiqc                                            [DEBUG  ]  No samples found: bowtie1
[2018-03-16 09:14:17,932] multiqc                                            [DEBUG  ]  No samples found: leehom
[2018-03-16 09:14:17,945] multiqc                                            [DEBUG  ]  No samples found: adapterRemoval
[2018-03-16 09:14:17,949] multiqc                                            [DEBUG  ]  No samples found: cutadapt
[2018-03-16 09:14:17,952] multiqc                                            [DEBUG  ]  No samples found: flexbar
[2018-03-16 09:14:17,966] multiqc                                            [DEBUG  ]  No samples found: trimmomatic
[2018-03-16 09:14:17,970] multiqc                                            [DEBUG  ]  No samples found: skewer
[2018-03-16 09:14:17,973] multiqc                                            [DEBUG  ]  No samples found: sortmerna
[2018-03-16 09:14:17,987] multiqc                                            [DEBUG  ]  No samples found: biobloomtools
[2018-03-16 09:14:17,991] multiqc                                            [DEBUG  ]  No samples found: fastq_screen
[2018-03-16 09:14:18,218] multiqc.modules.fastqc.fastqc                      [INFO   ]  Found 24 reports
[2018-03-16 09:14:19,568] multiqc                                            [DEBUG  ]  No samples found: clusterflow
[2018-03-16 09:14:19,572] multiqc                                            [DEBUG  ]  No samples found: bcl2fastq
[2018-03-16 09:14:19,576] multiqc                                            [DEBUG  ]  No samples found: interop
[2018-03-16 09:14:19,639] multiqc                                            [INFO   ]  Compressing plot data
[2018-03-16 09:14:20,419] multiqc                                            [INFO   ]  Report      : multiqc_report.html
[2018-03-16 09:14:20,419] multiqc                                            [INFO   ]  Data        : multiqc_data
[2018-03-16 09:14:20,420] multiqc                                            [DEBUG  ]  Moving data file from '/tmp/tmpmuagdd4p/multiqc_data/multiqc_fastqc.txt' to '/home/tfm-eimt/cgomez/data/papers/colorectal/fastqc/multiqc_data'
[2018-03-16 09:14:20,420] multiqc                                            [DEBUG  ]  Moving data file from '/tmp/tmpmuagdd4p/multiqc_data/multiqc_general_stats.txt' to '/home/tfm-eimt/cgomez/data/papers/colorectal/fastqc/multiqc_data'
[2018-03-16 09:14:20,420] multiqc                                            [DEBUG  ]  Moving data file from '/tmp/tmpmuagdd4p/multiqc_data/multiqc_sources.txt' to '/home/tfm-eimt/cgomez/data/papers/colorectal/fastqc/multiqc_data'
[2018-03-16 09:14:20,421] multiqc                                            [DEBUG  ]  Moving data file from '/tmp/tmpmuagdd4p/multiqc_data/multiqc_data.json' to '/home/tfm-eimt/cgomez/data/papers/colorectal/fastqc/multiqc_data'
[2018-03-16 09:14:20,625] multiqc                                            [INFO   ]  MultiQC complete
